{
  "RSpec": {
    "coverage": {
      "/home/dhanashri/Documents/workspace/clinic_management_system/spec/models/disease_spec.rb": [
        1,
        null,
        1,
        1,
        1,
        1,
        1,
        null,
        null,
        null,
        1,
        1,
        1,
        1,
        1,
        null,
        null,
        1,
        1,
        1,
        null,
        null,
        1,
        1,
        1,
        null,
        null,
        1,
        1,
        1,
        null,
        null,
        null,
        null,
        1,
        1,
        1,
        1,
        1,
        null,
        null,
        null,
        null,
        1,
        2,
        2,
        2,
        null,
        null
      ],
      "/home/dhanashri/Documents/workspace/clinic_management_system/spec/rails_helper.rb": [
        null,
        1,
        1,
        1,
        null,
        1,
        1,
        1,
        1,
        null,
        null,
        null,
        null,
        null,
        null,
        null,
        null,
        null,
        null,
        null,
        null,
        null,
        null,
        null,
        null,
        null,
        null,
        null,
        1,
        1,
        null,
        0,
        0,
        null,
        1,
        null,
        1,
        null,
        null,
        null,
        null,
        1,
        null,
        null,
        null,
        null,
        null,
        null,
        null,
        null,
        null,
        null,
        null,
        null,
        null,
        null,
        1,
        null,
        null,
        1,
        null,
        null,
        1,
        null,
        null,
        1,
        1,
        1,
        1,
        null,
        null
      ],
      "/home/dhanashri/Documents/workspace/clinic_management_system/config/environment.rb": [
        null,
        1,
        null,
        null,
        1
      ],
      "/home/dhanashri/Documents/workspace/clinic_management_system/config/application.rb": [
        1,
        null,
        1,
        null,
        null,
        null,
        1,
        null,
        1,
        1,
        null,
        1,
        null,
        null,
        null,
        null,
        null,
        null,
        null
      ],
      "/home/dhanashri/Documents/workspace/clinic_management_system/config/boot.rb": [
        1,
        null,
        1,
        1
      ],
      "/home/dhanashri/Documents/workspace/clinic_management_system/config/environments/test.rb": [
        1,
        null,
        null,
        null,
        null,
        null,
        null,
        1,
        null,
        null,
        null,
        null,
        1,
        null,
        null,
        1,
        1,
        null,
        null,
        null,
        null,
        1,
        1,
        null,
        null,
        1,
        null,
        null,
        1,
        null,
        null,
        1,
        null,
        1,
        null,
        null,
        null,
        null,
        1,
        null,
        null,
        1,
        null,
        null,
        null,
        null
      ],
      "/home/dhanashri/Documents/workspace/clinic_management_system/config/initializers/application_controller_renderer.rb": [
        null,
        null,
        null,
        null,
        null,
        null,
        null,
        null
      ],
      "/home/dhanashri/Documents/workspace/clinic_management_system/config/initializers/assets.rb": [
        null,
        null,
        null,
        1,
        null,
        null,
        null,
        null,
        1,
        null,
        null,
        null,
        null,
        null
      ],
      "/home/dhanashri/Documents/workspace/clinic_management_system/config/initializers/backtrace_silencers.rb": [
        null,
        null,
        null,
        null,
        null,
        null,
        null
      ],
      "/home/dhanashri/Documents/workspace/clinic_management_system/config/initializers/content_security_policy.rb": [
        null,
        null,
        null,
        null,
        null,
        null,
        null,
        null,
        null,
        null,
        null,
        null,
        null,
        null,
        null,
        null,
        null,
        null,
        null,
        null,
        null,
        null,
        null,
        null,
        null
      ],
      "/home/dhanashri/Documents/workspace/clinic_management_system/config/initializers/cookies_serializer.rb": [
        null,
        null,
        null,
        null,
        1
      ],
      "/home/dhanashri/Documents/workspace/clinic_management_system/config/initializers/filter_parameter_logging.rb": [
        null,
        null,
        null,
        1
      ],
      "/home/dhanashri/Documents/workspace/clinic_management_system/config/initializers/inflections.rb": [
        null,
        null,
        null,
        null,
        null,
        null,
        null,
        null,
        null,
        null,
        null,
        null,
        null,
        null,
        null,
        null
      ],
      "/home/dhanashri/Documents/workspace/clinic_management_system/config/initializers/mime_types.rb": [
        null,
        null,
        null,
        null
      ],
      "/home/dhanashri/Documents/workspace/clinic_management_system/config/initializers/wrap_parameters.rb": [
        null,
        null,
        null,
        null,
        null,
        null,
        1,
        2,
        null,
        null,
        null,
        null,
        null,
        null
      ],
      "/home/dhanashri/Documents/workspace/clinic_management_system/spec/factories/diseases.rb": [
        1,
        1,
        2,
        2,
        null,
        null
      ],
      "/home/dhanashri/Documents/workspace/clinic_management_system/spec/factories/patients.rb": [
        1,
        1,
        1,
        1,
        1,
        null,
        null
      ],
      "/home/dhanashri/Documents/workspace/clinic_management_system/config/routes.rb": [
        1,
        1,
        1,
        1,
        1,
        null,
        null,
        1,
        null,
        null
      ],
      "/home/dhanashri/Documents/workspace/clinic_management_system/app/helpers/application_helper.rb": [
        1,
        null
      ],
      "/home/dhanashri/Documents/workspace/clinic_management_system/app/helpers/diseases_helper.rb": [
        1,
        null
      ],
      "/home/dhanashri/Documents/workspace/clinic_management_system/app/helpers/patients_helper.rb": [
        1,
        null
      ],
      "/home/dhanashri/Documents/workspace/clinic_management_system/spec/support/database_cleaner.rb": [
        1,
        null,
        1,
        1,
        null,
        null,
        1,
        9,
        null,
        null,
        1,
        0,
        null,
        null,
        1,
        9,
        null,
        null,
        1,
        9,
        null,
        null
      ],
      "/home/dhanashri/Documents/workspace/clinic_management_system/app/models/disease.rb": [
        1,
        1,
        1,
        1,
        null,
        1,
        0,
        0,
        0,
        null,
        0,
        0,
        0,
        0,
        0,
        0,
        0,
        0,
        null,
        null,
        0,
        0,
        0,
        null,
        0,
        0,
        0,
        null,
        null,
        0,
        0,
        0,
        0,
        0,
        null,
        null,
        null,
        0,
        0,
        0,
        null,
        null,
        0,
        null,
        null,
        1,
        null,
        null,
        null,
        1,
        null,
        null,
        1,
        4,
        null,
        4,
        2,
        null,
        null,
        4,
        2,
        null,
        null,
        4,
        4,
        null,
        null,
        1,
        0,
        0,
        0,
        0,
        null,
        0,
        0,
        0,
        null,
        null
      ],
      "/home/dhanashri/Documents/workspace/clinic_management_system/app/models/application_record.rb": [
        1,
        1,
        null
      ]
    },
    "timestamp": 1553865795
  }
}
